  AssetManager.cpp
  EntityFactory.cpp
C:\Users\labra\source\repos\Breakout\Breakout\Source\ECS\Entities\EntityManager.hpp(90,42): warning C4244: 'argument': conversion from '_Ty' to 'const int', possible loss of data
          with
          [
              _Ty=float
          ]
C:\Users\labra\source\repos\Breakout\Breakout\Source\ECS\Entities\EntityFactory.cpp(22): message : see reference to function template instantiation 'C &breakout::EntityManager::addComponent<breakout::TransformComponent,float,float,float,float>(breakout::Entity &,float &&,float &&,float &&,float &&)' being compiled
          with
          [
              C=breakout::TransformComponent
          ]
C:\Users\labra\source\repos\Breakout\Breakout\Source\ECS\Entities\EntityManager.hpp(90,42): warning C4244: 'argument': conversion from 'float' to 'const int', possible loss of data
C:\Users\labra\source\repos\Breakout\Breakout\Source\ECS\Entities\EntityFactory.cpp(41): message : see reference to function template instantiation 'C &breakout::EntityManager::addComponent<breakout::TransformComponent,float&,float&,float&,float&>(breakout::Entity &,float &,float &,float &,float &)' being compiled
          with
          [
              C=breakout::TransformComponent
          ]
  CollisionSystem.cpp
  MovementSystem.cpp
C:\Users\labra\source\repos\Breakout\Breakout\Source\Vector2D.hpp(23,1): warning C4244: '*=': conversion from 'const T' to 'float', possible loss of data
          with
          [
              T=double
          ]
C:\Users\labra\source\repos\Breakout\Breakout\Source\Vector2D.hpp(57): message : see reference to function template instantiation 'breakout::Vector2D &breakout::Vector2D::Scale<T>(const T &)' being compiled
          with
          [
              T=double
          ]
C:\Users\labra\source\repos\Breakout\Breakout\Source\Vector2D.hpp(39): message : see reference to function template instantiation 'breakout::Vector2D &breakout::Vector2D::operator *=<T>(const T &)' being compiled
          with
          [
              T=double
          ]
C:\Users\labra\source\repos\Breakout\Breakout\Source\ECS\Systems\MovementSystem.cpp(34): message : see reference to function template instantiation 'breakout::Vector2D breakout::operator *<double>(breakout::Vector2D,const T &)' being compiled
          with
          [
              T=double
          ]
C:\Users\labra\source\repos\Breakout\Breakout\Source\Vector2D.hpp(24,1): warning C4244: '*=': conversion from 'const T' to 'float', possible loss of data
          with
          [
              T=double
          ]
  RenderSystem.cpp
  System.cpp
  Game.cpp
  Scene.cpp
  SceneGameOver.cpp
  SceneGameplay.cpp
  SceneMain.cpp
  SceneManager.cpp
  main.cpp
  Generating Code...
  Breakout.vcxproj -> C:\Users\labra\source\repos\Breakout\x64\Debug\Breakout.exe
