c:\users\labra\source\repos\breakout\breakout\x64\debug\vc142.pdb
c:\users\labra\source\repos\breakout\breakout\x64\debug\vc142.idb
c:\users\labra\source\repos\breakout\breakout\x64\debug\vector2d.obj
c:\users\labra\source\repos\breakout\breakout\x64\debug\soundmanager.obj
c:\users\labra\source\repos\breakout\breakout\x64\debug\scenegameplay.obj
c:\users\labra\source\repos\breakout\breakout\x64\debug\main.obj
c:\users\labra\source\repos\breakout\breakout\x64\debug\level.obj
c:\users\labra\source\repos\breakout\breakout\x64\debug\game.obj
c:\users\labra\source\repos\breakout\breakout\x64\debug\rendersystem.obj
c:\users\labra\source\repos\breakout\breakout\x64\debug\movementsystem.obj
c:\users\labra\source\repos\breakout\breakout\x64\debug\collisionsystem.obj
c:\users\labra\source\repos\breakout\breakout\x64\debug\entityfactory.obj
c:\users\labra\source\repos\breakout\breakout\x64\debug\assetmanager.obj
c:\users\labra\source\repos\breakout\breakout\x64\debug\scene.obj
c:\users\labra\source\repos\breakout\breakout\x64\debug\system.obj
c:\users\labra\source\repos\breakout\breakout\x64\debug\scenemain.obj
c:\users\labra\source\repos\breakout\breakout\x64\debug\scenemanager.obj
c:\users\labra\source\repos\breakout\breakout\x64\debug\scenegameover.obj
c:\users\labra\source\repos\breakout\breakout\x64\debug\entitymanager.obj
c:\users\labra\source\repos\breakout\x64\debug\breakout.exe
c:\users\labra\source\repos\breakout\breakout\x64\debug\breakout.ilk
c:\users\labra\source\repos\breakout\x64\debug\breakout.pdb
c:\users\labra\source\repos\breakout\x64\debug\breakout.ilk
c:\users\labra\source\repos\breakout\breakout\x64\debug\breakout.tlog\cl.command.1.tlog
c:\users\labra\source\repos\breakout\breakout\x64\debug\breakout.tlog\cl.read.1.tlog
c:\users\labra\source\repos\breakout\breakout\x64\debug\breakout.tlog\cl.write.1.tlog
c:\users\labra\source\repos\breakout\breakout\x64\debug\breakout.tlog\link.command.1.tlog
c:\users\labra\source\repos\breakout\breakout\x64\debug\breakout.tlog\link.read.1.tlog
c:\users\labra\source\repos\breakout\breakout\x64\debug\breakout.tlog\link.write.1.tlog
